<?xml version="1.0" encoding="UTF-8"?>
<testsuite xmlns:xsi="http://www.w3.org/2001/XMLSchema-instance" xsi:noNamespaceSchemaLocation="https://maven.apache.org/surefire/maven-surefire-plugin/xsd/surefire-test-report-3.0.xsd" version="3.0" name="com.nataliogomes.eventmanager.EventmanagerApplicationTests" time="1.795" tests="1" errors="0" skipped="0" failures="0">
  <properties>
    <property name="java.specification.version" value="20"/>
    <property name="sun.jnu.encoding" value="UTF-8"/>
    <property name="java.class.path" value="/Users/nataliogomes/Desktop/Projects/ManageMyEvents/eventmanager/target/test-classes:/Users/nataliogomes/Desktop/Projects/ManageMyEvents/eventmanager/target/classes:/Users/nataliogomes/.m2/repository/org/springframework/boot/spring-boot-starter-data-mongodb/3.2.0-SNAPSHOT/spring-boot-starter-data-mongodb-3.2.0-SNAPSHOT.jar:/Users/nataliogomes/.m2/repository/org/springframework/boot/spring-boot-starter/3.2.0-SNAPSHOT/spring-boot-starter-3.2.0-SNAPSHOT.jar:/Users/nataliogomes/.m2/repository/org/springframework/boot/spring-boot-starter-logging/3.2.0-SNAPSHOT/spring-boot-starter-logging-3.2.0-SNAPSHOT.jar:/Users/nataliogomes/.m2/repository/ch/qos/logback/logback-classic/1.4.11/logback-classic-1.4.11.jar:/Users/nataliogomes/.m2/repository/ch/qos/logback/logback-core/1.4.11/logback-core-1.4.11.jar:/Users/nataliogomes/.m2/repository/org/apache/logging/log4j/log4j-to-slf4j/2.20.0/log4j-to-slf4j-2.20.0.jar:/Users/nataliogomes/.m2/repository/org/apache/logging/log4j/log4j-api/2.20.0/log4j-api-2.20.0.jar:/Users/nataliogomes/.m2/repository/org/slf4j/jul-to-slf4j/2.0.7/jul-to-slf4j-2.0.7.jar:/Users/nataliogomes/.m2/repository/jakarta/annotation/jakarta.annotation-api/2.1.1/jakarta.annotation-api-2.1.1.jar:/Users/nataliogomes/.m2/repository/org/yaml/snakeyaml/2.1/snakeyaml-2.1.jar:/Users/nataliogomes/.m2/repository/org/mongodb/mongodb-driver-sync/4.10.2/mongodb-driver-sync-4.10.2.jar:/Users/nataliogomes/.m2/repository/org/mongodb/bson/4.10.2/bson-4.10.2.jar:/Users/nataliogomes/.m2/repository/org/mongodb/mongodb-driver-core/4.10.2/mongodb-driver-core-4.10.2.jar:/Users/nataliogomes/.m2/repository/org/mongodb/bson-record-codec/4.10.2/bson-record-codec-4.10.2.jar:/Users/nataliogomes/.m2/repository/org/springframework/data/spring-data-mongodb/4.2.0-M2/spring-data-mongodb-4.2.0-M2.jar:/Users/nataliogomes/.m2/repository/org/springframework/spring-tx/6.1.0-M4/spring-tx-6.1.0-M4.jar:/Users/nataliogomes/.m2/repository/org/springframework/spring-context/6.1.0-M4/spring-context-6.1.0-M4.jar:/Users/nataliogomes/.m2/repository/org/springframework/spring-beans/6.1.0-M4/spring-beans-6.1.0-M4.jar:/Users/nataliogomes/.m2/repository/org/springframework/spring-expression/6.1.0-M4/spring-expression-6.1.0-M4.jar:/Users/nataliogomes/.m2/repository/org/springframework/data/spring-data-commons/3.2.0-M2/spring-data-commons-3.2.0-M2.jar:/Users/nataliogomes/.m2/repository/org/slf4j/slf4j-api/2.0.7/slf4j-api-2.0.7.jar:/Users/nataliogomes/.m2/repository/org/springframework/boot/spring-boot-starter-thymeleaf/3.2.0-SNAPSHOT/spring-boot-starter-thymeleaf-3.2.0-SNAPSHOT.jar:/Users/nataliogomes/.m2/repository/org/thymeleaf/thymeleaf-spring6/3.1.2.RELEASE/thymeleaf-spring6-3.1.2.RELEASE.jar:/Users/nataliogomes/.m2/repository/org/thymeleaf/thymeleaf/3.1.2.RELEASE/thymeleaf-3.1.2.RELEASE.jar:/Users/nataliogomes/.m2/repository/org/attoparser/attoparser/2.0.7.RELEASE/attoparser-2.0.7.RELEASE.jar:/Users/nataliogomes/.m2/repository/org/unbescape/unbescape/1.1.6.RELEASE/unbescape-1.1.6.RELEASE.jar:/Users/nataliogomes/.m2/repository/org/springframework/boot/spring-boot-starter-web/3.2.0-SNAPSHOT/spring-boot-starter-web-3.2.0-SNAPSHOT.jar:/Users/nataliogomes/.m2/repository/org/springframework/boot/spring-boot-starter-json/3.2.0-SNAPSHOT/spring-boot-starter-json-3.2.0-SNAPSHOT.jar:/Users/nataliogomes/.m2/repository/com/fasterxml/jackson/core/jackson-databind/2.15.2/jackson-databind-2.15.2.jar:/Users/nataliogomes/.m2/repository/com/fasterxml/jackson/core/jackson-annotations/2.15.2/jackson-annotations-2.15.2.jar:/Users/nataliogomes/.m2/repository/com/fasterxml/jackson/core/jackson-core/2.15.2/jackson-core-2.15.2.jar:/Users/nataliogomes/.m2/repository/com/fasterxml/jackson/datatype/jackson-datatype-jdk8/2.15.2/jackson-datatype-jdk8-2.15.2.jar:/Users/nataliogomes/.m2/repository/com/fasterxml/jackson/datatype/jackson-datatype-jsr310/2.15.2/jackson-datatype-jsr310-2.15.2.jar:/Users/nataliogomes/.m2/repository/com/fasterxml/jackson/module/jackson-module-parameter-names/2.15.2/jackson-module-parameter-names-2.15.2.jar:/Users/nataliogomes/.m2/repository/org/springframework/boot/spring-boot-starter-tomcat/3.2.0-SNAPSHOT/spring-boot-starter-tomcat-3.2.0-SNAPSHOT.jar:/Users/nataliogomes/.m2/repository/org/apache/tomcat/embed/tomcat-embed-core/10.1.12/tomcat-embed-core-10.1.12.jar:/Users/nataliogomes/.m2/repository/org/apache/tomcat/embed/tomcat-embed-el/10.1.12/tomcat-embed-el-10.1.12.jar:/Users/nataliogomes/.m2/repository/org/apache/tomcat/embed/tomcat-embed-websocket/10.1.12/tomcat-embed-websocket-10.1.12.jar:/Users/nataliogomes/.m2/repository/org/springframework/spring-web/6.1.0-M4/spring-web-6.1.0-M4.jar:/Users/nataliogomes/.m2/repository/io/micrometer/micrometer-observation/1.12.0-M2/micrometer-observation-1.12.0-M2.jar:/Users/nataliogomes/.m2/repository/io/micrometer/micrometer-commons/1.12.0-M2/micrometer-commons-1.12.0-M2.jar:/Users/nataliogomes/.m2/repository/org/springframework/spring-webmvc/6.1.0-M4/spring-webmvc-6.1.0-M4.jar:/Users/nataliogomes/.m2/repository/org/springframework/spring-aop/6.1.0-M4/spring-aop-6.1.0-M4.jar:/Users/nataliogomes/.m2/repository/org/springframework/boot/spring-boot-devtools/3.2.0-SNAPSHOT/spring-boot-devtools-3.2.0-SNAPSHOT.jar:/Users/nataliogomes/.m2/repository/org/springframework/boot/spring-boot/3.2.0-SNAPSHOT/spring-boot-3.2.0-SNAPSHOT.jar:/Users/nataliogomes/.m2/repository/org/springframework/boot/spring-boot-autoconfigure/3.2.0-SNAPSHOT/spring-boot-autoconfigure-3.2.0-SNAPSHOT.jar:/Users/nataliogomes/.m2/repository/org/projectlombok/lombok/1.18.28/lombok-1.18.28.jar:/Users/nataliogomes/.m2/repository/org/springframework/boot/spring-boot-starter-test/3.2.0-SNAPSHOT/spring-boot-starter-test-3.2.0-SNAPSHOT.jar:/Users/nataliogomes/.m2/repository/org/springframework/boot/spring-boot-test/3.2.0-SNAPSHOT/spring-boot-test-3.2.0-SNAPSHOT.jar:/Users/nataliogomes/.m2/repository/org/springframework/boot/spring-boot-test-autoconfigure/3.2.0-SNAPSHOT/spring-boot-test-autoconfigure-3.2.0-SNAPSHOT.jar:/Users/nataliogomes/.m2/repository/com/jayway/jsonpath/json-path/2.8.0/json-path-2.8.0.jar:/Users/nataliogomes/.m2/repository/jakarta/xml/bind/jakarta.xml.bind-api/4.0.0/jakarta.xml.bind-api-4.0.0.jar:/Users/nataliogomes/.m2/repository/jakarta/activation/jakarta.activation-api/2.1.2/jakarta.activation-api-2.1.2.jar:/Users/nataliogomes/.m2/repository/net/minidev/json-smart/2.5.0/json-smart-2.5.0.jar:/Users/nataliogomes/.m2/repository/net/minidev/accessors-smart/2.5.0/accessors-smart-2.5.0.jar:/Users/nataliogomes/.m2/repository/org/ow2/asm/asm/9.3/asm-9.3.jar:/Users/nataliogomes/.m2/repository/org/assertj/assertj-core/3.24.2/assertj-core-3.24.2.jar:/Users/nataliogomes/.m2/repository/net/bytebuddy/byte-buddy/1.14.6/byte-buddy-1.14.6.jar:/Users/nataliogomes/.m2/repository/org/hamcrest/hamcrest/2.2/hamcrest-2.2.jar:/Users/nataliogomes/.m2/repository/org/junit/jupiter/junit-jupiter/5.10.0/junit-jupiter-5.10.0.jar:/Users/nataliogomes/.m2/repository/org/junit/jupiter/junit-jupiter-api/5.10.0/junit-jupiter-api-5.10.0.jar:/Users/nataliogomes/.m2/repository/org/opentest4j/opentest4j/1.3.0/opentest4j-1.3.0.jar:/Users/nataliogomes/.m2/repository/org/junit/platform/junit-platform-commons/1.10.0/junit-platform-commons-1.10.0.jar:/Users/nataliogomes/.m2/repository/org/apiguardian/apiguardian-api/1.1.2/apiguardian-api-1.1.2.jar:/Users/nataliogomes/.m2/repository/org/junit/jupiter/junit-jupiter-params/5.10.0/junit-jupiter-params-5.10.0.jar:/Users/nataliogomes/.m2/repository/org/junit/jupiter/junit-jupiter-engine/5.10.0/junit-jupiter-engine-5.10.0.jar:/Users/nataliogomes/.m2/repository/org/junit/platform/junit-platform-engine/1.10.0/junit-platform-engine-1.10.0.jar:/Users/nataliogomes/.m2/repository/org/mockito/mockito-core/5.5.0/mockito-core-5.5.0.jar:/Users/nataliogomes/.m2/repository/net/bytebuddy/byte-buddy-agent/1.14.6/byte-buddy-agent-1.14.6.jar:/Users/nataliogomes/.m2/repository/org/objenesis/objenesis/3.3/objenesis-3.3.jar:/Users/nataliogomes/.m2/repository/org/mockito/mockito-junit-jupiter/5.5.0/mockito-junit-jupiter-5.5.0.jar:/Users/nataliogomes/.m2/repository/org/skyscreamer/jsonassert/1.5.1/jsonassert-1.5.1.jar:/Users/nataliogomes/.m2/repository/com/vaadin/external/google/android-json/0.0.20131108.vaadin1/android-json-0.0.20131108.vaadin1.jar:/Users/nataliogomes/.m2/repository/org/springframework/spring-core/6.1.0-M4/spring-core-6.1.0-M4.jar:/Users/nataliogomes/.m2/repository/org/springframework/spring-jcl/6.1.0-M4/spring-jcl-6.1.0-M4.jar:/Users/nataliogomes/.m2/repository/org/springframework/spring-test/6.1.0-M4/spring-test-6.1.0-M4.jar:/Users/nataliogomes/.m2/repository/org/xmlunit/xmlunit-core/2.9.1/xmlunit-core-2.9.1.jar:/Users/nataliogomes/.m2/repository/me/paulschwarz/spring-dotenv/4.0.0/spring-dotenv-4.0.0.jar:/Users/nataliogomes/.m2/repository/io/github/cdimascio/dotenv-java/3.0.0/dotenv-java-3.0.0.jar:"/>
    <property name="java.vm.vendor" value="Oracle Corporation"/>
    <property name="sun.arch.data.model" value="64"/>
    <property name="java.vendor.url" value="https://java.oracle.com/"/>
    <property name="user.timezone" value="America/New_York"/>
    <property name="os.name" value="Mac OS X"/>
    <property name="java.vm.specification.version" value="20"/>
    <property name="sun.java.launcher" value="SUN_STANDARD"/>
    <property name="user.country" value="US"/>
    <property name="sun.boot.library.path" value="/Users/nataliogomes/Library/Java/JavaVirtualMachines/openjdk-20.0.2/Contents/Home/lib"/>
    <property name="sun.java.command" value="/Users/nataliogomes/Desktop/Projects/ManageMyEvents/eventmanager/target/surefire/surefirebooter-20230904153743649_3.jar /Users/nataliogomes/Desktop/Projects/ManageMyEvents/eventmanager/target/surefire 2023-09-04T15-37-43_608-jvmRun1 surefire-20230904153743649_1tmp surefire_0-20230904153743649_2tmp"/>
    <property name="http.nonProxyHosts" value="local|*.local|169.254/16|*.169.254/16"/>
    <property name="jdk.debug" value="release"/>
    <property name="surefire.test.class.path" value="/Users/nataliogomes/Desktop/Projects/ManageMyEvents/eventmanager/target/test-classes:/Users/nataliogomes/Desktop/Projects/ManageMyEvents/eventmanager/target/classes:/Users/nataliogomes/.m2/repository/org/springframework/boot/spring-boot-starter-data-mongodb/3.2.0-SNAPSHOT/spring-boot-starter-data-mongodb-3.2.0-SNAPSHOT.jar:/Users/nataliogomes/.m2/repository/org/springframework/boot/spring-boot-starter/3.2.0-SNAPSHOT/spring-boot-starter-3.2.0-SNAPSHOT.jar:/Users/nataliogomes/.m2/repository/org/springframework/boot/spring-boot-starter-logging/3.2.0-SNAPSHOT/spring-boot-starter-logging-3.2.0-SNAPSHOT.jar:/Users/nataliogomes/.m2/repository/ch/qos/logback/logback-classic/1.4.11/logback-classic-1.4.11.jar:/Users/nataliogomes/.m2/repository/ch/qos/logback/logback-core/1.4.11/logback-core-1.4.11.jar:/Users/nataliogomes/.m2/repository/org/apache/logging/log4j/log4j-to-slf4j/2.20.0/log4j-to-slf4j-2.20.0.jar:/Users/nataliogomes/.m2/repository/org/apache/logging/log4j/log4j-api/2.20.0/log4j-api-2.20.0.jar:/Users/nataliogomes/.m2/repository/org/slf4j/jul-to-slf4j/2.0.7/jul-to-slf4j-2.0.7.jar:/Users/nataliogomes/.m2/repository/jakarta/annotation/jakarta.annotation-api/2.1.1/jakarta.annotation-api-2.1.1.jar:/Users/nataliogomes/.m2/repository/org/yaml/snakeyaml/2.1/snakeyaml-2.1.jar:/Users/nataliogomes/.m2/repository/org/mongodb/mongodb-driver-sync/4.10.2/mongodb-driver-sync-4.10.2.jar:/Users/nataliogomes/.m2/repository/org/mongodb/bson/4.10.2/bson-4.10.2.jar:/Users/nataliogomes/.m2/repository/org/mongodb/mongodb-driver-core/4.10.2/mongodb-driver-core-4.10.2.jar:/Users/nataliogomes/.m2/repository/org/mongodb/bson-record-codec/4.10.2/bson-record-codec-4.10.2.jar:/Users/nataliogomes/.m2/repository/org/springframework/data/spring-data-mongodb/4.2.0-M2/spring-data-mongodb-4.2.0-M2.jar:/Users/nataliogomes/.m2/repository/org/springframework/spring-tx/6.1.0-M4/spring-tx-6.1.0-M4.jar:/Users/nataliogomes/.m2/repository/org/springframework/spring-context/6.1.0-M4/spring-context-6.1.0-M4.jar:/Users/nataliogomes/.m2/repository/org/springframework/spring-beans/6.1.0-M4/spring-beans-6.1.0-M4.jar:/Users/nataliogomes/.m2/repository/org/springframework/spring-expression/6.1.0-M4/spring-expression-6.1.0-M4.jar:/Users/nataliogomes/.m2/repository/org/springframework/data/spring-data-commons/3.2.0-M2/spring-data-commons-3.2.0-M2.jar:/Users/nataliogomes/.m2/repository/org/slf4j/slf4j-api/2.0.7/slf4j-api-2.0.7.jar:/Users/nataliogomes/.m2/repository/org/springframework/boot/spring-boot-starter-thymeleaf/3.2.0-SNAPSHOT/spring-boot-starter-thymeleaf-3.2.0-SNAPSHOT.jar:/Users/nataliogomes/.m2/repository/org/thymeleaf/thymeleaf-spring6/3.1.2.RELEASE/thymeleaf-spring6-3.1.2.RELEASE.jar:/Users/nataliogomes/.m2/repository/org/thymeleaf/thymeleaf/3.1.2.RELEASE/thymeleaf-3.1.2.RELEASE.jar:/Users/nataliogomes/.m2/repository/org/attoparser/attoparser/2.0.7.RELEASE/attoparser-2.0.7.RELEASE.jar:/Users/nataliogomes/.m2/repository/org/unbescape/unbescape/1.1.6.RELEASE/unbescape-1.1.6.RELEASE.jar:/Users/nataliogomes/.m2/repository/org/springframework/boot/spring-boot-starter-web/3.2.0-SNAPSHOT/spring-boot-starter-web-3.2.0-SNAPSHOT.jar:/Users/nataliogomes/.m2/repository/org/springframework/boot/spring-boot-starter-json/3.2.0-SNAPSHOT/spring-boot-starter-json-3.2.0-SNAPSHOT.jar:/Users/nataliogomes/.m2/repository/com/fasterxml/jackson/core/jackson-databind/2.15.2/jackson-databind-2.15.2.jar:/Users/nataliogomes/.m2/repository/com/fasterxml/jackson/core/jackson-annotations/2.15.2/jackson-annotations-2.15.2.jar:/Users/nataliogomes/.m2/repository/com/fasterxml/jackson/core/jackson-core/2.15.2/jackson-core-2.15.2.jar:/Users/nataliogomes/.m2/repository/com/fasterxml/jackson/datatype/jackson-datatype-jdk8/2.15.2/jackson-datatype-jdk8-2.15.2.jar:/Users/nataliogomes/.m2/repository/com/fasterxml/jackson/datatype/jackson-datatype-jsr310/2.15.2/jackson-datatype-jsr310-2.15.2.jar:/Users/nataliogomes/.m2/repository/com/fasterxml/jackson/module/jackson-module-parameter-names/2.15.2/jackson-module-parameter-names-2.15.2.jar:/Users/nataliogomes/.m2/repository/org/springframework/boot/spring-boot-starter-tomcat/3.2.0-SNAPSHOT/spring-boot-starter-tomcat-3.2.0-SNAPSHOT.jar:/Users/nataliogomes/.m2/repository/org/apache/tomcat/embed/tomcat-embed-core/10.1.12/tomcat-embed-core-10.1.12.jar:/Users/nataliogomes/.m2/repository/org/apache/tomcat/embed/tomcat-embed-el/10.1.12/tomcat-embed-el-10.1.12.jar:/Users/nataliogomes/.m2/repository/org/apache/tomcat/embed/tomcat-embed-websocket/10.1.12/tomcat-embed-websocket-10.1.12.jar:/Users/nataliogomes/.m2/repository/org/springframework/spring-web/6.1.0-M4/spring-web-6.1.0-M4.jar:/Users/nataliogomes/.m2/repository/io/micrometer/micrometer-observation/1.12.0-M2/micrometer-observation-1.12.0-M2.jar:/Users/nataliogomes/.m2/repository/io/micrometer/micrometer-commons/1.12.0-M2/micrometer-commons-1.12.0-M2.jar:/Users/nataliogomes/.m2/repository/org/springframework/spring-webmvc/6.1.0-M4/spring-webmvc-6.1.0-M4.jar:/Users/nataliogomes/.m2/repository/org/springframework/spring-aop/6.1.0-M4/spring-aop-6.1.0-M4.jar:/Users/nataliogomes/.m2/repository/org/springframework/boot/spring-boot-devtools/3.2.0-SNAPSHOT/spring-boot-devtools-3.2.0-SNAPSHOT.jar:/Users/nataliogomes/.m2/repository/org/springframework/boot/spring-boot/3.2.0-SNAPSHOT/spring-boot-3.2.0-SNAPSHOT.jar:/Users/nataliogomes/.m2/repository/org/springframework/boot/spring-boot-autoconfigure/3.2.0-SNAPSHOT/spring-boot-autoconfigure-3.2.0-SNAPSHOT.jar:/Users/nataliogomes/.m2/repository/org/projectlombok/lombok/1.18.28/lombok-1.18.28.jar:/Users/nataliogomes/.m2/repository/org/springframework/boot/spring-boot-starter-test/3.2.0-SNAPSHOT/spring-boot-starter-test-3.2.0-SNAPSHOT.jar:/Users/nataliogomes/.m2/repository/org/springframework/boot/spring-boot-test/3.2.0-SNAPSHOT/spring-boot-test-3.2.0-SNAPSHOT.jar:/Users/nataliogomes/.m2/repository/org/springframework/boot/spring-boot-test-autoconfigure/3.2.0-SNAPSHOT/spring-boot-test-autoconfigure-3.2.0-SNAPSHOT.jar:/Users/nataliogomes/.m2/repository/com/jayway/jsonpath/json-path/2.8.0/json-path-2.8.0.jar:/Users/nataliogomes/.m2/repository/jakarta/xml/bind/jakarta.xml.bind-api/4.0.0/jakarta.xml.bind-api-4.0.0.jar:/Users/nataliogomes/.m2/repository/jakarta/activation/jakarta.activation-api/2.1.2/jakarta.activation-api-2.1.2.jar:/Users/nataliogomes/.m2/repository/net/minidev/json-smart/2.5.0/json-smart-2.5.0.jar:/Users/nataliogomes/.m2/repository/net/minidev/accessors-smart/2.5.0/accessors-smart-2.5.0.jar:/Users/nataliogomes/.m2/repository/org/ow2/asm/asm/9.3/asm-9.3.jar:/Users/nataliogomes/.m2/repository/org/assertj/assertj-core/3.24.2/assertj-core-3.24.2.jar:/Users/nataliogomes/.m2/repository/net/bytebuddy/byte-buddy/1.14.6/byte-buddy-1.14.6.jar:/Users/nataliogomes/.m2/repository/org/hamcrest/hamcrest/2.2/hamcrest-2.2.jar:/Users/nataliogomes/.m2/repository/org/junit/jupiter/junit-jupiter/5.10.0/junit-jupiter-5.10.0.jar:/Users/nataliogomes/.m2/repository/org/junit/jupiter/junit-jupiter-api/5.10.0/junit-jupiter-api-5.10.0.jar:/Users/nataliogomes/.m2/repository/org/opentest4j/opentest4j/1.3.0/opentest4j-1.3.0.jar:/Users/nataliogomes/.m2/repository/org/junit/platform/junit-platform-commons/1.10.0/junit-platform-commons-1.10.0.jar:/Users/nataliogomes/.m2/repository/org/apiguardian/apiguardian-api/1.1.2/apiguardian-api-1.1.2.jar:/Users/nataliogomes/.m2/repository/org/junit/jupiter/junit-jupiter-params/5.10.0/junit-jupiter-params-5.10.0.jar:/Users/nataliogomes/.m2/repository/org/junit/jupiter/junit-jupiter-engine/5.10.0/junit-jupiter-engine-5.10.0.jar:/Users/nataliogomes/.m2/repository/org/junit/platform/junit-platform-engine/1.10.0/junit-platform-engine-1.10.0.jar:/Users/nataliogomes/.m2/repository/org/mockito/mockito-core/5.5.0/mockito-core-5.5.0.jar:/Users/nataliogomes/.m2/repository/net/bytebuddy/byte-buddy-agent/1.14.6/byte-buddy-agent-1.14.6.jar:/Users/nataliogomes/.m2/repository/org/objenesis/objenesis/3.3/objenesis-3.3.jar:/Users/nataliogomes/.m2/repository/org/mockito/mockito-junit-jupiter/5.5.0/mockito-junit-jupiter-5.5.0.jar:/Users/nataliogomes/.m2/repository/org/skyscreamer/jsonassert/1.5.1/jsonassert-1.5.1.jar:/Users/nataliogomes/.m2/repository/com/vaadin/external/google/android-json/0.0.20131108.vaadin1/android-json-0.0.20131108.vaadin1.jar:/Users/nataliogomes/.m2/repository/org/springframework/spring-core/6.1.0-M4/spring-core-6.1.0-M4.jar:/Users/nataliogomes/.m2/repository/org/springframework/spring-jcl/6.1.0-M4/spring-jcl-6.1.0-M4.jar:/Users/nataliogomes/.m2/repository/org/springframework/spring-test/6.1.0-M4/spring-test-6.1.0-M4.jar:/Users/nataliogomes/.m2/repository/org/xmlunit/xmlunit-core/2.9.1/xmlunit-core-2.9.1.jar:/Users/nataliogomes/.m2/repository/me/paulschwarz/spring-dotenv/4.0.0/spring-dotenv-4.0.0.jar:/Users/nataliogomes/.m2/repository/io/github/cdimascio/dotenv-java/3.0.0/dotenv-java-3.0.0.jar:"/>
    <property name="sun.cpu.endian" value="little"/>
    <property name="user.home" value="/Users/nataliogomes"/>
    <property name="user.language" value="en"/>
    <property name="java.specification.vendor" value="Oracle Corporation"/>
    <property name="java.version.date" value="2023-07-18"/>
    <property name="java.home" value="/Users/nataliogomes/Library/Java/JavaVirtualMachines/openjdk-20.0.2/Contents/Home"/>
    <property name="file.separator" value="/"/>
    <property name="basedir" value="/Users/nataliogomes/Desktop/Projects/ManageMyEvents/eventmanager"/>
    <property name="java.vm.compressedOopsMode" value="Zero based"/>
    <property name="line.separator" value="&#10;"/>
    <property name="java.vm.specification.vendor" value="Oracle Corporation"/>
    <property name="java.specification.name" value="Java Platform API Specification"/>
    <property name="FILE_LOG_CHARSET" value="UTF-8"/>
    <property name="java.awt.headless" value="true"/>
    <property name="apple.awt.application.name" value="ForkedBooter"/>
    <property name="surefire.real.class.path" value="/Users/nataliogomes/Desktop/Projects/ManageMyEvents/eventmanager/target/surefire/surefirebooter-20230904153743649_3.jar"/>
    <property name="sun.management.compiler" value="HotSpot 64-Bit Tiered Compilers"/>
    <property name="ftp.nonProxyHosts" value="local|*.local|169.254/16|*.169.254/16"/>
    <property name="java.runtime.version" value="20.0.2+9-78"/>
    <property name="user.name" value="nataliogomes"/>
    <property name="stdout.encoding" value="UTF-8"/>
    <property name="path.separator" value=":"/>
    <property name="os.version" value="13.4.1"/>
    <property name="java.runtime.name" value="OpenJDK Runtime Environment"/>
    <property name="file.encoding" value="UTF-8"/>
    <property name="java.vm.name" value="OpenJDK 64-Bit Server VM"/>
    <property name="localRepository" value="/Users/nataliogomes/.m2/repository"/>
    <property name="java.vendor.url.bug" value="https://bugreport.java.com/bugreport/"/>
    <property name="java.io.tmpdir" value="/var/folders/5q/rd2kc92s6xs0njt9vm76k8zw0000gn/T/"/>
    <property name="java.version" value="20.0.2"/>
    <property name="user.dir" value="/Users/nataliogomes/Desktop/Projects/ManageMyEvents/eventmanager"/>
    <property name="os.arch" value="aarch64"/>
    <property name="java.vm.specification.name" value="Java Virtual Machine Specification"/>
    <property name="PID" value="58323"/>
    <property name="CONSOLE_LOG_CHARSET" value="UTF-8"/>
    <property name="native.encoding" value="UTF-8"/>
    <property name="java.library.path" value="/Users/nataliogomes/Library/Java/Extensions:/Library/Java/Extensions:/Network/Library/Java/Extensions:/System/Library/Java/Extensions:/usr/lib/java:."/>
    <property name="java.vm.info" value="mixed mode, sharing"/>
    <property name="stderr.encoding" value="UTF-8"/>
    <property name="java.vendor" value="Oracle Corporation"/>
    <property name="java.vm.version" value="20.0.2+9-78"/>
    <property name="sun.io.unicode.encoding" value="UnicodeBig"/>
    <property name="socksNonProxyHosts" value="local|*.local|169.254/16|*.169.254/16"/>
    <property name="java.class.version" value="64.0"/>
  </properties>
  <testcase name="contextLoads" classname="com.nataliogomes.eventmanager.EventmanagerApplicationTests" time="0.399">
    <system-out><![CDATA[15:37:44.013 [main] INFO org.springframework.test.context.support.AnnotationConfigContextLoaderUtils -- Could not detect default configuration classes for test class [com.nataliogomes.eventmanager.EventmanagerApplicationTests]: EventmanagerApplicationTests does not declare any static, non-private, non-final, nested classes annotated with @Configuration.
15:37:44.064 [main] INFO org.springframework.boot.test.context.SpringBootTestContextBootstrapper -- Found @SpringBootConfiguration com.nataliogomes.eventmanager.EventmanagerApplication for test class com.nataliogomes.eventmanager.EventmanagerApplicationTests

  .   ____          _            __ _ _
 /\\ / ___'_ __ _ _(_)_ __  __ _ \ \ \ \
( ( )\___ | '_ | '_| | '_ \/ _` | \ \ \ \
 \\/  ___)| |_)| | | | | || (_| |  ) ) ) )
  '  |____| .__|_| |_|_| |_\__, | / / / /
 =========|_|==============|___/=/_/_/_/
 :: Spring Boot ::       (v3.2.0-SNAPSHOT)

2023-09-04T15:37:44.236-04:00  INFO 58323 --- [           main] c.n.e.EventmanagerApplicationTests       : Starting EventmanagerApplicationTests using Java 20.0.2 with PID 58323 (started by nataliogomes in /Users/nataliogomes/Desktop/Projects/ManageMyEvents/eventmanager)
2023-09-04T15:37:44.237-04:00  INFO 58323 --- [           main] c.n.e.EventmanagerApplicationTests       : No active profile set, falling back to 1 default profile: "default"
2023-09-04T15:37:44.477-04:00  INFO 58323 --- [           main] .s.d.r.c.RepositoryConfigurationDelegate : Bootstrapping Spring Data MongoDB repositories in DEFAULT mode.
2023-09-04T15:37:44.494-04:00  INFO 58323 --- [           main] .s.d.r.c.RepositoryConfigurationDelegate : Finished Spring Data repository scanning in 15 ms. Found 1 MongoDB repository interfaces.
2023-09-04T15:37:44.697-04:00  INFO 58323 --- [           main] org.mongodb.driver.client                : MongoClient with metadata {"driver": {"name": "mongo-java-driver|sync|spring-boot", "version": "4.10.2"}, "os": {"type": "Darwin", "name": "Mac OS X", "architecture": "aarch64", "version": "13.4.1"}, "platform": "Java/Oracle Corporation/20.0.2+9-78"} created with settings MongoClientSettings{readPreference=primary, writeConcern=WriteConcern{w=null, wTimeout=null ms, journal=null}, retryWrites=true, retryReads=true, readConcern=ReadConcern{level=null}, credential=MongoCredential{mechanism=null, userName='nataliogomes707', source='admin', password=<hidden>, mechanismProperties=<hidden>}, streamFactoryFactory=null, commandListeners=[], codecRegistry=ProvidersCodecRegistry{codecProviders=[ValueCodecProvider{}, BsonValueCodecProvider{}, DBRefCodecProvider{}, DBObjectCodecProvider{}, DocumentCodecProvider{}, CollectionCodecProvider{}, IterableCodecProvider{}, MapCodecProvider{}, GeoJsonCodecProvider{}, GridFSFileCodecProvider{}, Jsr310CodecProvider{}, JsonObjectCodecProvider{}, BsonCodecProvider{}, EnumCodecProvider{}, com.mongodb.client.model.mql.ExpressionCodecProvider@40729f01, com.mongodb.Jep395RecordCodecProvider@d535a3d, com.mongodb.KotlinCodecProvider@2d760326]}, loggerSettings=LoggerSettings{maxDocumentLength=1000}, clusterSettings={hosts=[127.0.0.1:27017], srvHost=cluster0.hvfclvw.mongodb.net, srvServiceName=mongodb, mode=MULTIPLE, requiredClusterType=REPLICA_SET, requiredReplicaSetName='atlas-hkxbgk-shard-0', serverSelector='null', clusterListeners='[]', serverSelectionTimeout='30000 ms', localThreshold='30000 ms'}, socketSettings=SocketSettings{connectTimeoutMS=10000, readTimeoutMS=0, receiveBufferSize=0, sendBufferSize=0}, heartbeatSocketSettings=SocketSettings{connectTimeoutMS=10000, readTimeoutMS=10000, receiveBufferSize=0, sendBufferSize=0}, connectionPoolSettings=ConnectionPoolSettings{maxSize=100, minSize=0, maxWaitTimeMS=120000, maxConnectionLifeTimeMS=0, maxConnectionIdleTimeMS=0, maintenanceInitialDelayMS=0, maintenanceFrequencyMS=60000, connectionPoolListeners=[], maxConnecting=2}, serverSettings=ServerSettings{heartbeatFrequencyMS=10000, minHeartbeatFrequencyMS=500, serverListeners='[]', serverMonitorListeners='[]'}, sslSettings=SslSettings{enabled=true, invalidHostNameAllowed=false, context=null}, applicationName='null', compressorList=[], uuidRepresentation=JAVA_LEGACY, serverApi=null, autoEncryptionSettings=null, dnsClient=null, inetAddressResolver=null, contextProvider=null}
2023-09-04T15:37:44.798-04:00  INFO 58323 --- [lvw.mongodb.net] org.mongodb.driver.cluster               : Adding discovered server ac-xacena2-shard-00-00.hvfclvw.mongodb.net:27017 to client view of cluster
2023-09-04T15:37:44.807-04:00  INFO 58323 --- [lvw.mongodb.net] org.mongodb.driver.cluster               : Adding discovered server ac-xacena2-shard-00-01.hvfclvw.mongodb.net:27017 to client view of cluster
2023-09-04T15:37:44.808-04:00  INFO 58323 --- [lvw.mongodb.net] org.mongodb.driver.cluster               : Adding discovered server ac-xacena2-shard-00-02.hvfclvw.mongodb.net:27017 to client view of cluster
2023-09-04T15:37:44.930-04:00  INFO 58323 --- [           main] o.s.b.a.w.s.WelcomePageHandlerMapping    : Adding welcome page template: index
2023-09-04T15:37:45.060-04:00  INFO 58323 --- [           main] c.n.e.EventmanagerApplicationTests       : Started EventmanagerApplicationTests in 0.927 seconds (process running for 1.346)
2023-09-04T15:37:45.089-04:00  INFO 58323 --- [           main] org.mongodb.driver.cluster               : No server chosen by WritableServerSelector from cluster description ClusterDescription{type=REPLICA_SET, connectionMode=MULTIPLE, serverDescriptions=[ServerDescription{address=ac-xacena2-shard-00-00.hvfclvw.mongodb.net:27017, type=UNKNOWN, state=CONNECTING}, ServerDescription{address=ac-xacena2-shard-00-01.hvfclvw.mongodb.net:27017, type=UNKNOWN, state=CONNECTING}, ServerDescription{address=ac-xacena2-shard-00-02.hvfclvw.mongodb.net:27017, type=UNKNOWN, state=CONNECTING}]}. Waiting for 30000 ms before timing out
2023-09-04T15:37:45.111-04:00  INFO 58323 --- [ngodb.net:27017] org.mongodb.driver.cluster               : Monitor thread successfully connected to server with description ServerDescription{address=ac-xacena2-shard-00-02.hvfclvw.mongodb.net:27017, type=REPLICA_SET_SECONDARY, state=CONNECTED, ok=true, minWireVersion=0, maxWireVersion=17, maxDocumentSize=16777216, logicalSessionTimeoutMinutes=30, roundTripTimeNanos=165331625, setName='atlas-hkxbgk-shard-0', canonicalAddress=ac-xacena2-shard-00-02.hvfclvw.mongodb.net:27017, hosts=[ac-xacena2-shard-00-00.hvfclvw.mongodb.net:27017, ac-xacena2-shard-00-02.hvfclvw.mongodb.net:27017, ac-xacena2-shard-00-01.hvfclvw.mongodb.net:27017], passives=[], arbiters=[], primary='ac-xacena2-shard-00-01.hvfclvw.mongodb.net:27017', tagSet=TagSet{[Tag{name='nodeType', value='ELECTABLE'}, Tag{name='provider', value='AWS'}, Tag{name='region', value='US_EAST_1'}, Tag{name='workloadType', value='OPERATIONAL'}]}, electionId=null, setVersion=8, topologyVersion=TopologyVersion{processId=64eb567959df660189d31b8b, counter=3}, lastWriteDate=Mon Sep 04 15:37:44 EDT 2023, lastUpdateTimeNanos=172682959079875}
2023-09-04T15:37:45.111-04:00  INFO 58323 --- [ngodb.net:27017] org.mongodb.driver.cluster               : Monitor thread successfully connected to server with description ServerDescription{address=ac-xacena2-shard-00-00.hvfclvw.mongodb.net:27017, type=REPLICA_SET_SECONDARY, state=CONNECTED, ok=true, minWireVersion=0, maxWireVersion=17, maxDocumentSize=16777216, logicalSessionTimeoutMinutes=30, roundTripTimeNanos=165358458, setName='atlas-hkxbgk-shard-0', canonicalAddress=ac-xacena2-shard-00-00.hvfclvw.mongodb.net:27017, hosts=[ac-xacena2-shard-00-00.hvfclvw.mongodb.net:27017, ac-xacena2-shard-00-02.hvfclvw.mongodb.net:27017, ac-xacena2-shard-00-01.hvfclvw.mongodb.net:27017], passives=[], arbiters=[], primary='ac-xacena2-shard-00-01.hvfclvw.mongodb.net:27017', tagSet=TagSet{[Tag{name='nodeType', value='ELECTABLE'}, Tag{name='provider', value='AWS'}, Tag{name='region', value='US_EAST_1'}, Tag{name='workloadType', value='OPERATIONAL'}]}, electionId=null, setVersion=8, topologyVersion=TopologyVersion{processId=64f301656318b27d2760a769, counter=3}, lastWriteDate=Mon Sep 04 15:37:44 EDT 2023, lastUpdateTimeNanos=172682959102458}
2023-09-04T15:37:45.111-04:00  INFO 58323 --- [ngodb.net:27017] org.mongodb.driver.cluster               : Monitor thread successfully connected to server with description ServerDescription{address=ac-xacena2-shard-00-01.hvfclvw.mongodb.net:27017, type=REPLICA_SET_PRIMARY, state=CONNECTED, ok=true, minWireVersion=0, maxWireVersion=17, maxDocumentSize=16777216, logicalSessionTimeoutMinutes=30, roundTripTimeNanos=165335875, setName='atlas-hkxbgk-shard-0', canonicalAddress=ac-xacena2-shard-00-01.hvfclvw.mongodb.net:27017, hosts=[ac-xacena2-shard-00-00.hvfclvw.mongodb.net:27017, ac-xacena2-shard-00-02.hvfclvw.mongodb.net:27017, ac-xacena2-shard-00-01.hvfclvw.mongodb.net:27017], passives=[], arbiters=[], primary='ac-xacena2-shard-00-01.hvfclvw.mongodb.net:27017', tagSet=TagSet{[Tag{name='nodeType', value='ELECTABLE'}, Tag{name='provider', value='AWS'}, Tag{name='region', value='US_EAST_1'}, Tag{name='workloadType', value='OPERATIONAL'}]}, electionId=7fffffff0000000000000114, setVersion=8, topologyVersion=TopologyVersion{processId=64eb558f1144a1c34639670a, counter=6}, lastWriteDate=Mon Sep 04 15:37:44 EDT 2023, lastUpdateTimeNanos=172682959070291}
2023-09-04T15:37:45.112-04:00  INFO 58323 --- [ngodb.net:27017] org.mongodb.driver.cluster               : Discovered replica set primary ac-xacena2-shard-00-01.hvfclvw.mongodb.net:27017 with max election id 7fffffff0000000000000114 and max set version 8
]]></system-out>
  </testcase>
</testsuite>